<?xml version="1.0" encoding="UTF-8"?>
<!-- Generated by org.testng.reporters.JUnitReportReporter -->
<testsuite hostname="SagarP" failures="1" tests="1" name="testNGVerification.PolicyBazarVerify" time="63.466" errors="0" timestamp="2023-07-04T20:54:01 IST" skipped="0">
  <testcase classname="testNGVerification.PolicyBazarVerify" name="verifyUN" time="63.466">
    <failure message="TC Fail String not match expected [pallu12345] but found [Pallavi Chaudhari]" type="java.lang.AssertionError">
      <![CDATA[java.lang.AssertionError: TC Fail String not match expected [pallu12345] but found [Pallavi Chaudhari]
at org.testng.Assert.fail(Assert.java:111)
at org.testng.Assert.failNotEquals(Assert.java:1578)
at org.testng.Assert.assertEqualsImpl(Assert.java:150)
at org.testng.Assert.assertEquals(Assert.java:132)
at org.testng.Assert.assertEquals(Assert.java:656)
at testNGVerification.PolicyBazarVerify.verifyUN(PolicyBazarVerify.java:66)
at java.base/jdk.internal.reflect.NativeMethodAccessorImpl.invoke0(Native Method)
at java.base/jdk.internal.reflect.NativeMethodAccessorImpl.invoke(NativeMethodAccessorImpl.java:77)
at java.base/jdk.internal.reflect.DelegatingMethodAccessorImpl.invoke(DelegatingMethodAccessorImpl.java:43)
at java.base/java.lang.reflect.Method.invoke(Method.java:568)
at org.testng.internal.invokers.MethodInvocationHelper.invokeMethod(MethodInvocationHelper.java:139)
at org.testng.internal.invokers.TestInvoker.invokeMethod(TestInvoker.java:664)
at org.testng.internal.invokers.TestInvoker.invokeTestMethod(TestInvoker.java:227)
at org.testng.internal.invokers.MethodRunner.runInSequence(MethodRunner.java:50)
at org.testng.internal.invokers.TestInvoker$MethodInvocationAgent.invoke(TestInvoker.java:957)
at org.testng.internal.invokers.TestInvoker.invokeTestMethods(TestInvoker.java:200)
at org.testng.internal.invokers.TestMethodWorker.invokeTestMethods(TestMethodWorker.java:148)
at org.testng.internal.invokers.TestMethodWorker.run(TestMethodWorker.java:128)
at java.base/java.util.ArrayList.forEach(ArrayList.java:1511)
at org.testng.TestRunner.privateRun(TestRunner.java:848)
at org.testng.TestRunner.run(TestRunner.java:621)
at org.testng.SuiteRunner.runTest(SuiteRunner.java:443)
at org.testng.SuiteRunner.runSequentially(SuiteRunner.java:437)
at org.testng.SuiteRunner.privateRun(SuiteRunner.java:397)
at org.testng.SuiteRunner.run(SuiteRunner.java:336)
at org.testng.SuiteRunnerWorker.runSuite(SuiteRunnerWorker.java:52)
at org.testng.SuiteRunnerWorker.run(SuiteRunnerWorker.java:95)
at org.testng.TestNG.runSuitesSequentially(TestNG.java:1280)
at org.testng.TestNG.runSuitesLocally(TestNG.java:1200)
at org.testng.TestNG.runSuites(TestNG.java:1114)
at org.testng.TestNG.run(TestNG.java:1082)
at org.testng.remote.AbstractRemoteTestNG.run(AbstractRemoteTestNG.java:115)
at org.testng.remote.RemoteTestNG.initAndRun(RemoteTestNG.java:251)
at org.testng.remote.RemoteTestNG.main(RemoteTestNG.java:77)
]]>
    </failure>
    <system-out>
      <![CDATA[TC executions is Start...
get User Name...
Wait for sometimes...
take input from excel...
Screenshot is capture...
Tc is fail...]]>
    </system-out>
  </testcase> <!-- verifyUN -->
  <system-out>
    <![CDATA[Browser Launch successfully.. 
Wait for sometimes...
Wait for sometimes...
click on Signin..
Wait for sometimes...
take input from excel...
enter mobile number...
Wait for sometimes...
Wait for sometimes...
take input from excel...
enter password..
Wait for sometimes...
click on sign button..
Wait for sometimes...
click on MyAccount
Wait for sometimes...
Click on my Profile
Wait for sometimes...
Focus change to child window
Wait for sometimes...
TC executions is Start...
get User Name...
Wait for sometimes...
take input from excel...
Screenshot is capture...
Tc is fail...
Logout Applications..
Close browser window....]]>
  </system-out>
</testsuite> <!-- testNGVerification.PolicyBazarVerify -->
